CRITICAL - 2023-07-19 02:14:34 --> Undefined constant "COMPANY"
in APPPATH\Views\layout\default.php on line 65.
 1 SYSTEMPATH\View\View.php(224): include()
 2 SYSTEMPATH\View\View.php(227): CodeIgniter\View\View->CodeIgniter\View\{closure}()
 3 SYSTEMPATH\View\View.php(240): CodeIgniter\View\View->render('layout/default', [], true)
 4 SYSTEMPATH\Common.php(1180): CodeIgniter\View\View->render('user/index', [], true)
 5 APPPATH\Controllers\User.php(19): view('user/index')
 6 SYSTEMPATH\CodeIgniter.php(932): App\Controllers\User->index()
 7 SYSTEMPATH\CodeIgniter.php(497): CodeIgniter\CodeIgniter->runController(Object(App\Controllers\User))
 8 SYSTEMPATH\CodeIgniter.php(366): CodeIgniter\CodeIgniter->handleRequest(null, Object(Config\Cache), false)
 9 FCPATH\index.php(67): CodeIgniter\CodeIgniter->run()
CRITICAL - 2023-07-19 02:14:58 --> Undefined constant "COPYRIGHT"
in APPPATH\Views\layout\default.php on line 77.
 1 SYSTEMPATH\View\View.php(224): include()
 2 SYSTEMPATH\View\View.php(227): CodeIgniter\View\View->CodeIgniter\View\{closure}()
 3 SYSTEMPATH\View\View.php(240): CodeIgniter\View\View->render('layout/default', [], true)
 4 SYSTEMPATH\Common.php(1180): CodeIgniter\View\View->render('user/index', [], true)
 5 APPPATH\Controllers\User.php(19): view('user/index')
 6 SYSTEMPATH\CodeIgniter.php(932): App\Controllers\User->index()
 7 SYSTEMPATH\CodeIgniter.php(497): CodeIgniter\CodeIgniter->runController(Object(App\Controllers\User))
 8 SYSTEMPATH\CodeIgniter.php(366): CodeIgniter\CodeIgniter->handleRequest(null, Object(Config\Cache), false)
 9 FCPATH\index.php(67): CodeIgniter\CodeIgniter->run()
CRITICAL - 2023-07-19 03:01:50 --> Class "App\Models\UsersModel" not found
in APPPATH\Controllers\User.php on line 27.
 1 SYSTEMPATH\CodeIgniter.php(932): App\Controllers\User->list()
 2 SYSTEMPATH\CodeIgniter.php(497): CodeIgniter\CodeIgniter->runController(Object(App\Controllers\User))
 3 SYSTEMPATH\CodeIgniter.php(366): CodeIgniter\CodeIgniter->handleRequest(null, Object(Config\Cache), false)
 4 FCPATH\index.php(67): CodeIgniter\CodeIgniter->run()
